android/app/build/intermediates/manifest_merge_blame_file/release/manifest-merger-blame-release-report.txt
1<?xml version="1.0" encoding="utf-8"?>
2<manifest xmlns:android="http://schemas.android.com/apk/res/android"
3    package="com.sunbera"
4    android:versionCode="1"
5    android:versionName="1.0" >
6
7    <uses-sdk
8        android:minSdkVersion="16"
8-->src/main/AndroidManifest.xml
9        android:targetSdkVersion="29" />
9-->src/main/AndroidManifest.xml
10
11    <uses-permission android:name="android.permission.INTERNET" />
11-->src/main/AndroidManifest.xml:4:5-67
11-->src/main/AndroidManifest.xml:4:22-64
12    <uses-permission android:name="android.permission.CAMERA" />
12-->src/main/AndroidManifest.xml:5:5-64
12-->src/main/AndroidManifest.xml:5:22-62
13    <uses-permission android:name="android.permission.RECEIVE_BOOT_COMPLETED" />
13-->src/main/AndroidManifest.xml:6:5-81
13-->src/main/AndroidManifest.xml:6:22-78
14    <uses-permission android:name="android.permission.VIBRATE" />
14-->src/main/AndroidManifest.xml:7:5-66
14-->src/main/AndroidManifest.xml:7:22-63
15
16    <uses-feature
16-->src/main/AndroidManifest.xml:8:5-85
17        android:name="android.hardware.camera"
17-->src/main/AndroidManifest.xml:8:19-57
18        android:required="false" />
18-->src/main/AndroidManifest.xml:8:58-82
19    <uses-feature
19-->src/main/AndroidManifest.xml:9:5-91
20        android:name="android.hardware.camera.front"
20-->src/main/AndroidManifest.xml:9:19-63
21        android:required="false" />
21-->src/main/AndroidManifest.xml:9:64-88
22
23    <uses-permission android:name="android.permission.WAKE_LOCK" />
23-->[:react-native-firebase_messaging] AndroidManifest.xml:12:5-68
23-->[:react-native-firebase_messaging] AndroidManifest.xml:12:22-65
24    <uses-permission android:name="android.permission.ACCESS_NETWORK_STATE" />
24-->[:react-native-firebase_messaging] AndroidManifest.xml:13:5-79
24-->[:react-native-firebase_messaging] AndroidManifest.xml:13:22-76
25    <uses-permission android:name="android.permission.WRITE_EXTERNAL_STORAGE" /> <!-- Required by older versions of Google Play services to create IID tokens -->
25-->[:react-native-image-crop-picker] AndroidManifest.xml:10:5-81
25-->[:react-native-image-crop-picker] AndroidManifest.xml:10:22-78
26    <uses-permission android:name="com.google.android.c2dm.permission.RECEIVE" />
26-->[com.google.firebase:firebase-iid:21.0.1] AndroidManifest.xml:26:5-82
26-->[com.google.firebase:firebase-iid:21.0.1] AndroidManifest.xml:26:22-79
27    <uses-permission android:name="com.google.android.finsky.permission.BIND_GET_INSTALL_REFERRER_SERVICE" /> <!-- for android -->
27-->[com.google.android.gms:play-services-measurement:17.6.0] AndroidManifest.xml:26:5-110
27-->[com.google.android.gms:play-services-measurement:17.6.0] AndroidManifest.xml:26:22-107
28    <!-- <uses-permission android:name="com.android.launcher.permission.READ_SETTINGS"/> -->
29    <!-- <uses-permission android:name="com.android.launcher.permission.WRITE_SETTINGS"/> -->
30    <!-- <uses-permission android:name="com.android.launcher.permission.INSTALL_SHORTCUT" /> -->
31    <!-- <uses-permission android:name="com.android.launcher.permission.UNINSTALL_SHORTCUT" /> -->
32    <!-- for Samsung -->
33    <uses-permission android:name="com.sec.android.provider.badge.permission.READ" />
33-->[me.leolin:ShortcutBadger:1.1.22] AndroidManifest.xml:19:5-86
33-->[me.leolin:ShortcutBadger:1.1.22] AndroidManifest.xml:19:22-83
34    <uses-permission android:name="com.sec.android.provider.badge.permission.WRITE" /> <!-- for htc -->
34-->[me.leolin:ShortcutBadger:1.1.22] AndroidManifest.xml:20:5-87
34-->[me.leolin:ShortcutBadger:1.1.22] AndroidManifest.xml:20:22-84
35    <uses-permission android:name="com.htc.launcher.permission.READ_SETTINGS" />
35-->[me.leolin:ShortcutBadger:1.1.22] AndroidManifest.xml:23:5-81
35-->[me.leolin:ShortcutBadger:1.1.22] AndroidManifest.xml:23:22-78
36    <uses-permission android:name="com.htc.launcher.permission.UPDATE_SHORTCUT" /> <!-- for sony -->
36-->[me.leolin:ShortcutBadger:1.1.22] AndroidManifest.xml:24:5-83
36-->[me.leolin:ShortcutBadger:1.1.22] AndroidManifest.xml:24:22-80
37    <uses-permission android:name="com.sonyericsson.home.permission.BROADCAST_BADGE" />
37-->[me.leolin:ShortcutBadger:1.1.22] AndroidManifest.xml:27:5-88
37-->[me.leolin:ShortcutBadger:1.1.22] AndroidManifest.xml:27:22-85
38    <uses-permission android:name="com.sonymobile.home.permission.PROVIDER_INSERT_BADGE" /> <!-- for apex -->
38-->[me.leolin:ShortcutBadger:1.1.22] AndroidManifest.xml:28:5-92
38-->[me.leolin:ShortcutBadger:1.1.22] AndroidManifest.xml:28:22-89
39    <uses-permission android:name="com.anddoes.launcher.permission.UPDATE_COUNT" /> <!-- for solid -->
39-->[me.leolin:ShortcutBadger:1.1.22] AndroidManifest.xml:31:5-84
39-->[me.leolin:ShortcutBadger:1.1.22] AndroidManifest.xml:31:22-81
40    <uses-permission android:name="com.majeur.launcher.permission.UPDATE_BADGE" /> <!-- for huawei -->
40-->[me.leolin:ShortcutBadger:1.1.22] AndroidManifest.xml:34:5-83
40-->[me.leolin:ShortcutBadger:1.1.22] AndroidManifest.xml:34:22-80
41    <uses-permission android:name="com.huawei.android.launcher.permission.CHANGE_BADGE" />
41-->[me.leolin:ShortcutBadger:1.1.22] AndroidManifest.xml:37:5-91
41-->[me.leolin:ShortcutBadger:1.1.22] AndroidManifest.xml:37:22-88
42    <uses-permission android:name="com.huawei.android.launcher.permission.READ_SETTINGS" />
42-->[me.leolin:ShortcutBadger:1.1.22] AndroidManifest.xml:38:5-92
42-->[me.leolin:ShortcutBadger:1.1.22] AndroidManifest.xml:38:22-89
43    <uses-permission android:name="com.huawei.android.launcher.permission.WRITE_SETTINGS" /> <!-- for ZUK -->
43-->[me.leolin:ShortcutBadger:1.1.22] AndroidManifest.xml:39:5-93
43-->[me.leolin:ShortcutBadger:1.1.22] AndroidManifest.xml:39:22-90
44    <uses-permission android:name="android.permission.READ_APP_BADGE" /> <!-- for OPPO -->
44-->[me.leolin:ShortcutBadger:1.1.22] AndroidManifest.xml:42:5-73
44-->[me.leolin:ShortcutBadger:1.1.22] AndroidManifest.xml:42:22-70
45    <uses-permission android:name="com.oppo.launcher.permission.READ_SETTINGS" />
45-->[me.leolin:ShortcutBadger:1.1.22] AndroidManifest.xml:45:5-82
45-->[me.leolin:ShortcutBadger:1.1.22] AndroidManifest.xml:45:22-79
46    <uses-permission android:name="com.oppo.launcher.permission.WRITE_SETTINGS" /> <!-- for EvMe -->
46-->[me.leolin:ShortcutBadger:1.1.22] AndroidManifest.xml:46:5-83
46-->[me.leolin:ShortcutBadger:1.1.22] AndroidManifest.xml:46:22-80
47    <uses-permission android:name="me.everything.badger.permission.BADGE_COUNT_READ" />
47-->[me.leolin:ShortcutBadger:1.1.22] AndroidManifest.xml:49:5-88
47-->[me.leolin:ShortcutBadger:1.1.22] AndroidManifest.xml:49:22-85
48    <uses-permission android:name="me.everything.badger.permission.BADGE_COUNT_WRITE" />
48-->[me.leolin:ShortcutBadger:1.1.22] AndroidManifest.xml:50:5-89
48-->[me.leolin:ShortcutBadger:1.1.22] AndroidManifest.xml:50:22-86
49
50    <application
50-->src/main/AndroidManifest.xml:10:5-31:19
51        android:name="com.sunbera.MainApplication"
51-->src/main/AndroidManifest.xml:11:7-38
52        android:allowBackup="false"
52-->src/main/AndroidManifest.xml:14:7-34
53        android:appComponentFactory="androidx.core.app.CoreComponentFactory"
53-->[androidx.core:core:1.1.0] AndroidManifest.xml:24:18-86
54        android:icon="@mipmap/ic_launcher"
54-->src/main/AndroidManifest.xml:13:7-41
55        android:label="@string/app_name"
55-->src/main/AndroidManifest.xml:12:7-39
56        android:largeHeap="true"
56-->src/main/AndroidManifest.xml:17:7-31
57        android:theme="@style/AppTheme"
57-->src/main/AndroidManifest.xml:15:7-38
58        android:usesCleartextTraffic="true" >
58-->src/main/AndroidManifest.xml:16:7-42
59        <activity
59-->src/main/AndroidManifest.xml:19:7-29:18
60            android:name="com.sunbera.MainActivity"
60-->src/main/AndroidManifest.xml:20:9-37
61            android:configChanges="keyboard|keyboardHidden|orientation|screenSize|uiMode"
61-->src/main/AndroidManifest.xml:22:9-86
62            android:label="@string/app_name"
62-->src/main/AndroidManifest.xml:21:9-41
63            android:launchMode="singleTask"
63-->src/main/AndroidManifest.xml:23:9-40
64            android:windowSoftInputMode="adjustResize" >
64-->src/main/AndroidManifest.xml:24:9-51
65            <intent-filter>
65-->src/main/AndroidManifest.xml:25:9-28:25
66                <action android:name="android.intent.action.MAIN" />
66-->src/main/AndroidManifest.xml:26:13-65
66-->src/main/AndroidManifest.xml:26:21-62
67
68                <category android:name="android.intent.category.LAUNCHER" />
68-->src/main/AndroidManifest.xml:27:13-73
68-->src/main/AndroidManifest.xml:27:23-70
69            </intent-filter>
70        </activity>
71        <activity android:name="com.facebook.react.devsupport.DevSettingsActivity" />
71-->src/main/AndroidManifest.xml:30:7-84
71-->src/main/AndroidManifest.xml:30:17-81
72
73        <service android:name="io.invertase.firebase.messaging.ReactNativeFirebaseMessagingHeadlessService" />
73-->[:react-native-firebase_messaging] AndroidManifest.xml:16:9-111
73-->[:react-native-firebase_messaging] AndroidManifest.xml:16:18-108
74        <service
74-->[:react-native-firebase_messaging] AndroidManifest.xml:17:9-23:19
75            android:name="io.invertase.firebase.messaging.ReactNativeFirebaseMessagingService"
75-->[:react-native-firebase_messaging] AndroidManifest.xml:18:13-95
76            android:exported="false" >
76-->[:react-native-firebase_messaging] AndroidManifest.xml:19:13-37
77            <intent-filter>
77-->[:react-native-firebase_messaging] AndroidManifest.xml:20:13-22:29
78                <action android:name="com.google.firebase.MESSAGING_EVENT" />
78-->[:react-native-firebase_messaging] AndroidManifest.xml:21:17-78
78-->[:react-native-firebase_messaging] AndroidManifest.xml:21:25-75
79            </intent-filter>
80        </service>
81
82        <receiver
82-->[:react-native-firebase_messaging] AndroidManifest.xml:25:9-32:20
83            android:name="io.invertase.firebase.messaging.ReactNativeFirebaseMessagingReceiver"
83-->[:react-native-firebase_messaging] AndroidManifest.xml:26:13-96
84            android:exported="true"
84-->[:react-native-firebase_messaging] AndroidManifest.xml:27:13-36
85            android:permission="com.google.android.c2dm.permission.SEND" >
85-->[:react-native-firebase_messaging] AndroidManifest.xml:28:13-73
86            <intent-filter>
86-->[:react-native-firebase_messaging] AndroidManifest.xml:29:13-31:29
87                <action android:name="com.google.android.c2dm.intent.RECEIVE" />
87-->[:react-native-firebase_messaging] AndroidManifest.xml:30:17-81
87-->[:react-native-firebase_messaging] AndroidManifest.xml:30:25-78
88            </intent-filter>
89        </receiver>
90
91        <meta-data
91-->[:react-native-firebase_messaging] AndroidManifest.xml:34:9-36:36
92            android:name="firebase_messaging_auto_init_enabled"
92-->[:react-native-firebase_messaging] AndroidManifest.xml:35:13-64
93            android:value="true" />
93-->[:react-native-firebase_messaging] AndroidManifest.xml:36:13-33
94        <meta-data
94-->[:react-native-firebase_messaging] AndroidManifest.xml:37:9-39:32
95            android:name="com.google.firebase.messaging.default_notification_channel_id"
95-->[:react-native-firebase_messaging] AndroidManifest.xml:38:13-89
96            android:value="" />
96-->[:react-native-firebase_messaging] AndroidManifest.xml:39:13-29
97        <meta-data
97-->[:react-native-firebase_messaging] AndroidManifest.xml:40:9-42:47
98            android:name="com.google.firebase.messaging.default_notification_color"
98-->[:react-native-firebase_messaging] AndroidManifest.xml:41:13-84
99            android:resource="@color/white" />
99-->[:react-native-firebase_messaging] AndroidManifest.xml:42:13-44
100
101        <provider
101-->[:react-native-image-crop-picker] AndroidManifest.xml:13:9-21:20
102            android:name="androidx.core.content.FileProvider"
102-->[:react-native-image-crop-picker] AndroidManifest.xml:14:13-62
103            android:authorities="com.sunbera.provider"
103-->[:react-native-image-crop-picker] AndroidManifest.xml:15:13-60
104            android:exported="false"
104-->[:react-native-image-crop-picker] AndroidManifest.xml:16:13-37
105            android:grantUriPermissions="true" >
105-->[:react-native-image-crop-picker] AndroidManifest.xml:17:13-47
106            <meta-data
106-->[:react-native-image-crop-picker] AndroidManifest.xml:18:13-20:58
107                android:name="android.support.FILE_PROVIDER_PATHS"
107-->[:react-native-image-crop-picker] AndroidManifest.xml:19:17-67
108                android:resource="@xml/provider_paths" />
108-->[:react-native-image-crop-picker] AndroidManifest.xml:20:17-55
109        </provider>
110
111        <activity
111-->[:react-native-image-crop-picker] AndroidManifest.xml:23:9-25:72
112            android:name="com.yalantis.ucrop.UCropActivity"
112-->[:react-native-image-crop-picker] AndroidManifest.xml:24:13-60
113            android:theme="@style/Theme.AppCompat.Light.NoActionBar" />
113-->[:react-native-image-crop-picker] AndroidManifest.xml:25:13-69
114
115        <provider
115-->[:react-native-share] AndroidManifest.xml:12:9-20:20
116            android:name="cl.json.RNShareFileProvider"
116-->[:react-native-share] AndroidManifest.xml:13:13-55
117            android:authorities="com.sunbera.rnshare.fileprovider"
117-->[:react-native-share] AndroidManifest.xml:14:13-72
118            android:exported="false"
118-->[:react-native-share] AndroidManifest.xml:15:13-37
119            android:grantUriPermissions="true" >
119-->[:react-native-share] AndroidManifest.xml:16:13-47
120            <meta-data
120-->[:react-native-image-crop-picker] AndroidManifest.xml:18:13-20:58
121                android:name="android.support.FILE_PROVIDER_PATHS"
121-->[:react-native-image-crop-picker] AndroidManifest.xml:19:17-67
122                android:resource="@xml/share_download_paths" />
122-->[:react-native-image-crop-picker] AndroidManifest.xml:20:17-55
123        </provider>
124        <provider
124-->[:react-native-webview] AndroidManifest.xml:12:9-20:20
125            android:name="com.reactnativecommunity.webview.RNCWebViewFileProvider"
125-->[:react-native-webview] AndroidManifest.xml:13:13-83
126            android:authorities="com.sunbera.fileprovider"
126-->[:react-native-webview] AndroidManifest.xml:14:13-64
127            android:exported="false"
127-->[:react-native-webview] AndroidManifest.xml:15:13-37
128            android:grantUriPermissions="true" >
128-->[:react-native-webview] AndroidManifest.xml:16:13-47
129            <meta-data
129-->[:react-native-image-crop-picker] AndroidManifest.xml:18:13-20:58
130                android:name="android.support.FILE_PROVIDER_PATHS"
130-->[:react-native-image-crop-picker] AndroidManifest.xml:19:17-67
131                android:resource="@xml/file_provider_paths" />
131-->[:react-native-image-crop-picker] AndroidManifest.xml:20:17-55
132        </provider>
133        <!--
134             FirebaseMessagingService performs security checks at runtime,
135             but set to not exported to explicitly avoid allowing another app to call it.
136        -->
137        <service
137-->[com.google.firebase:firebase-messaging:21.0.1] AndroidManifest.xml:28:9-35:19
138            android:name="com.google.firebase.messaging.FirebaseMessagingService"
138-->[com.google.firebase:firebase-messaging:21.0.1] AndroidManifest.xml:29:13-82
139            android:directBootAware="true"
139-->[com.google.firebase:firebase-messaging:21.0.1] AndroidManifest.xml:30:13-43
140            android:exported="false" >
140-->[com.google.firebase:firebase-messaging:21.0.1] AndroidManifest.xml:31:13-37
141            <intent-filter android:priority="-500" >
141-->[:react-native-firebase_messaging] AndroidManifest.xml:20:13-22:29
142                <action android:name="com.google.firebase.MESSAGING_EVENT" />
142-->[:react-native-firebase_messaging] AndroidManifest.xml:21:17-78
142-->[:react-native-firebase_messaging] AndroidManifest.xml:21:25-75
143            </intent-filter>
144        </service>
145        <service
145-->[com.google.firebase:firebase-messaging:21.0.1] AndroidManifest.xml:36:9-42:19
146            android:name="com.google.firebase.components.ComponentDiscoveryService"
146-->[com.google.firebase:firebase-messaging:21.0.1] AndroidManifest.xml:37:13-84
147            android:directBootAware="true"
147-->[com.google.firebase:firebase-common:19.5.0] AndroidManifest.xml:35:13-43
148            android:exported="false" >
148-->[com.google.firebase:firebase-messaging:21.0.1] AndroidManifest.xml:38:13-37
149            <meta-data
149-->[com.google.firebase:firebase-messaging:21.0.1] AndroidManifest.xml:39:13-41:85
150                android:name="com.google.firebase.components:com.google.firebase.messaging.FirebaseMessagingRegistrar"
150-->[com.google.firebase:firebase-messaging:21.0.1] AndroidManifest.xml:40:17-119
151                android:value="com.google.firebase.components.ComponentRegistrar" />
151-->[com.google.firebase:firebase-messaging:21.0.1] AndroidManifest.xml:41:17-82
152            <meta-data
152-->[com.google.firebase:firebase-datatransport:17.0.10] AndroidManifest.xml:28:13-30:85
153                android:name="com.google.firebase.components:com.google.firebase.datatransport.TransportRegistrar"
153-->[com.google.firebase:firebase-datatransport:17.0.10] AndroidManifest.xml:29:17-115
154                android:value="com.google.firebase.components.ComponentRegistrar" />
154-->[com.google.firebase:firebase-datatransport:17.0.10] AndroidManifest.xml:30:17-82
155            <meta-data
155-->[com.google.firebase:firebase-iid:21.0.1] AndroidManifest.xml:32:13-34:85
156                android:name="com.google.firebase.components:com.google.firebase.iid.Registrar"
156-->[com.google.firebase:firebase-iid:21.0.1] AndroidManifest.xml:33:17-96
157                android:value="com.google.firebase.components.ComponentRegistrar" />
157-->[com.google.firebase:firebase-iid:21.0.1] AndroidManifest.xml:34:17-82
158            <meta-data
158-->[com.google.android.gms:play-services-measurement-api:17.6.0] AndroidManifest.xml:30:13-32:85
159                android:name="com.google.firebase.components:com.google.firebase.analytics.connector.internal.AnalyticsConnectorRegistrar"
159-->[com.google.android.gms:play-services-measurement-api:17.6.0] AndroidManifest.xml:31:17-139
160                android:value="com.google.firebase.components.ComponentRegistrar" />
160-->[com.google.android.gms:play-services-measurement-api:17.6.0] AndroidManifest.xml:32:17-82
161            <meta-data
161-->[com.google.firebase:firebase-installations:16.3.5] AndroidManifest.xml:18:13-20:85
162                android:name="com.google.firebase.components:com.google.firebase.installations.FirebaseInstallationsRegistrar"
162-->[com.google.firebase:firebase-installations:16.3.5] AndroidManifest.xml:19:17-127
163                android:value="com.google.firebase.components.ComponentRegistrar" />
163-->[com.google.firebase:firebase-installations:16.3.5] AndroidManifest.xml:20:17-82
164            <!--
165                This registrar is not defined in the dynamic-module-support sdk itself to allow non-firebase
166                clients to use it as well, by defining this registrar in their own core/common library.
167            -->
168            <meta-data
168-->[com.google.firebase:firebase-common:19.5.0] AndroidManifest.xml:43:13-45:85
169                android:name="com.google.firebase.components:com.google.firebase.dynamicloading.DynamicLoadingRegistrar"
169-->[com.google.firebase:firebase-common:19.5.0] AndroidManifest.xml:44:17-121
170                android:value="com.google.firebase.components.ComponentRegistrar" />
170-->[com.google.firebase:firebase-common:19.5.0] AndroidManifest.xml:45:17-82
171        </service>
172        <service
172-->[com.google.android.datatransport:transport-backend-cct:2.3.3] AndroidManifest.xml:29:9-35:19
173            android:name="com.google.android.datatransport.runtime.backends.TransportBackendDiscovery"
173-->[com.google.android.datatransport:transport-backend-cct:2.3.3] AndroidManifest.xml:30:13-103
174            android:exported="false" >
174-->[com.google.android.datatransport:transport-backend-cct:2.3.3] AndroidManifest.xml:31:13-37
175            <meta-data
175-->[com.google.android.datatransport:transport-backend-cct:2.3.3] AndroidManifest.xml:32:13-34:39
176                android:name="backend:com.google.android.datatransport.cct.CctBackendFactory"
176-->[com.google.android.datatransport:transport-backend-cct:2.3.3] AndroidManifest.xml:33:17-94
177                android:value="cct" />
177-->[com.google.android.datatransport:transport-backend-cct:2.3.3] AndroidManifest.xml:34:17-36
178        </service>
179        <service
179-->[com.google.android.datatransport:transport-runtime:2.2.5] AndroidManifest.xml:26:9-30:19
180            android:name="com.google.android.datatransport.runtime.scheduling.jobscheduling.JobInfoSchedulerService"
180-->[com.google.android.datatransport:transport-runtime:2.2.5] AndroidManifest.xml:27:13-117
181            android:exported="false"
181-->[com.google.android.datatransport:transport-runtime:2.2.5] AndroidManifest.xml:28:13-37
182            android:permission="android.permission.BIND_JOB_SERVICE" >
182-->[com.google.android.datatransport:transport-runtime:2.2.5] AndroidManifest.xml:29:13-69
183        </service>
184
185        <receiver
185-->[com.google.android.datatransport:transport-runtime:2.2.5] AndroidManifest.xml:32:9-34:40
186            android:name="com.google.android.datatransport.runtime.scheduling.jobscheduling.AlarmManagerSchedulerBroadcastReceiver"
186-->[com.google.android.datatransport:transport-runtime:2.2.5] AndroidManifest.xml:33:13-132
187            android:exported="false" />
187-->[com.google.android.datatransport:transport-runtime:2.2.5] AndroidManifest.xml:34:13-37
188
189        <meta-data
189-->[com.github.bumptech.glide:okhttp3-integration:4.11.0] AndroidManifest.xml:11:9-13:43
190            android:name="com.bumptech.glide.integration.okhttp3.OkHttpGlideModule"
190-->[com.github.bumptech.glide:okhttp3-integration:4.11.0] AndroidManifest.xml:12:13-84
191            android:value="GlideModule" />
191-->[com.github.bumptech.glide:okhttp3-integration:4.11.0] AndroidManifest.xml:13:13-40
192
193        <activity
193-->[com.google.android.gms:play-services-auth:18.1.0] AndroidManifest.xml:23:9-27:75
194            android:name="com.google.android.gms.auth.api.signin.internal.SignInHubActivity"
194-->[com.google.android.gms:play-services-auth:18.1.0] AndroidManifest.xml:24:13-93
195            android:excludeFromRecents="true"
195-->[com.google.android.gms:play-services-auth:18.1.0] AndroidManifest.xml:25:13-46
196            android:exported="false"
196-->[com.google.android.gms:play-services-auth:18.1.0] AndroidManifest.xml:26:13-37
197            android:theme="@android:style/Theme.Translucent.NoTitleBar" />
197-->[com.google.android.gms:play-services-auth:18.1.0] AndroidManifest.xml:27:13-72
198        <!--
199            Service handling Google Sign-In user revocation. For apps that do not integrate with
200            Google Sign-In, this service will never be started.
201        -->
202        <service
202-->[com.google.android.gms:play-services-auth:18.1.0] AndroidManifest.xml:33:9-37:51
203            android:name="com.google.android.gms.auth.api.signin.RevocationBoundService"
203-->[com.google.android.gms:play-services-auth:18.1.0] AndroidManifest.xml:34:13-89
204            android:exported="true"
204-->[com.google.android.gms:play-services-auth:18.1.0] AndroidManifest.xml:35:13-36
205            android:permission="com.google.android.gms.auth.api.signin.permission.REVOCATION_NOTIFICATION"
205-->[com.google.android.gms:play-services-auth:18.1.0] AndroidManifest.xml:36:13-107
206            android:visibleToInstantApps="true" />
206-->[com.google.android.gms:play-services-auth:18.1.0] AndroidManifest.xml:37:13-48
207
208        <receiver
208-->[com.google.firebase:firebase-iid:21.0.1] AndroidManifest.xml:37:9-44:20
209            android:name="com.google.firebase.iid.FirebaseInstanceIdReceiver"
209-->[com.google.firebase:firebase-iid:21.0.1] AndroidManifest.xml:38:13-78
210            android:exported="true"
210-->[com.google.firebase:firebase-iid:21.0.1] AndroidManifest.xml:39:13-36
211            android:permission="com.google.android.c2dm.permission.SEND" >
211-->[com.google.firebase:firebase-iid:21.0.1] AndroidManifest.xml:40:13-73
212            <intent-filter>
212-->[:react-native-firebase_messaging] AndroidManifest.xml:29:13-31:29
213                <action android:name="com.google.android.c2dm.intent.RECEIVE" />
213-->[:react-native-firebase_messaging] AndroidManifest.xml:30:17-81
213-->[:react-native-firebase_messaging] AndroidManifest.xml:30:25-78
214            </intent-filter>
215        </receiver>
216
217        <activity
217-->[com.google.android.gms:play-services-base:17.1.0] AndroidManifest.xml:23:9-26:75
218            android:name="com.google.android.gms.common.api.GoogleApiActivity"
218-->[com.google.android.gms:play-services-base:17.1.0] AndroidManifest.xml:24:13-79
219            android:exported="false"
219-->[com.google.android.gms:play-services-base:17.1.0] AndroidManifest.xml:25:13-37
220            android:theme="@android:style/Theme.Translucent.NoTitleBar" />
220-->[com.google.android.gms:play-services-base:17.1.0] AndroidManifest.xml:26:13-72
221
222        <provider
222-->[com.google.firebase:firebase-common:19.5.0] AndroidManifest.xml:26:9-31:39
223            android:name="com.google.firebase.provider.FirebaseInitProvider"
223-->[com.google.firebase:firebase-common:19.5.0] AndroidManifest.xml:27:13-77
224            android:authorities="com.sunbera.firebaseinitprovider"
224-->[com.google.firebase:firebase-common:19.5.0] AndroidManifest.xml:28:13-72
225            android:directBootAware="true"
225-->[com.google.firebase:firebase-common:19.5.0] AndroidManifest.xml:29:13-43
226            android:exported="false"
226-->[com.google.firebase:firebase-common:19.5.0] AndroidManifest.xml:30:13-37
227            android:initOrder="100" />
227-->[com.google.firebase:firebase-common:19.5.0] AndroidManifest.xml:31:13-36
228
229        <receiver
229-->[com.google.android.gms:play-services-measurement:17.6.0] AndroidManifest.xml:29:9-33:20
230            android:name="com.google.android.gms.measurement.AppMeasurementReceiver"
230-->[com.google.android.gms:play-services-measurement:17.6.0] AndroidManifest.xml:30:13-85
231            android:enabled="true"
231-->[com.google.android.gms:play-services-measurement:17.6.0] AndroidManifest.xml:31:13-35
232            android:exported="false" >
232-->[com.google.android.gms:play-services-measurement:17.6.0] AndroidManifest.xml:32:13-37
233        </receiver>
234
235        <service
235-->[com.google.android.gms:play-services-measurement:17.6.0] AndroidManifest.xml:35:9-38:40
236            android:name="com.google.android.gms.measurement.AppMeasurementService"
236-->[com.google.android.gms:play-services-measurement:17.6.0] AndroidManifest.xml:36:13-84
237            android:enabled="true"
237-->[com.google.android.gms:play-services-measurement:17.6.0] AndroidManifest.xml:37:13-35
238            android:exported="false" />
238-->[com.google.android.gms:play-services-measurement:17.6.0] AndroidManifest.xml:38:13-37
239        <service
239-->[com.google.android.gms:play-services-measurement:17.6.0] AndroidManifest.xml:39:9-43:72
240            android:name="com.google.android.gms.measurement.AppMeasurementJobService"
240-->[com.google.android.gms:play-services-measurement:17.6.0] AndroidManifest.xml:40:13-87
241            android:enabled="true"
241-->[com.google.android.gms:play-services-measurement:17.6.0] AndroidManifest.xml:41:13-35
242            android:exported="false"
242-->[com.google.android.gms:play-services-measurement:17.6.0] AndroidManifest.xml:42:13-37
243            android:permission="android.permission.BIND_JOB_SERVICE" />
243-->[com.google.android.gms:play-services-measurement:17.6.0] AndroidManifest.xml:43:13-69
244
245        <meta-data
245-->[com.google.android.gms:play-services-basement:17.1.1] AndroidManifest.xml:23:9-25:69
246            android:name="com.google.android.gms.version"
246-->[com.google.android.gms:play-services-basement:17.1.1] AndroidManifest.xml:24:13-58
247            android:value="@integer/google_play_services_version" />
247-->[com.google.android.gms:play-services-basement:17.1.1] AndroidManifest.xml:25:13-66
248    </application>
249
250</manifest>